<?xml version="1.0" encoding="UTF-8"?>
<testsuite name="RockPaperScissorsTest" tests="2" skipped="0" failures="0" errors="0" timestamp="2016-04-20T16:26:11" hostname="epicodus-54.local" time="0.001">
  <properties/>
  <testcase name="checkWinner_rockBeatsScissors_winPlayer1" classname="RockPaperScissorsTest" time="0.001"/>
  <testcase name="checkWinner_rockTiesRock_tieGame" classname="RockPaperScissorsTest" time="0.0"/>
  <system-out><![CDATA[]]></system-out>
  <system-err><![CDATA[]]></system-err>
</testsuite>
